{"/app/maqam-node-api/src/app.ts": {"path":"/app/maqam-node-api/src/app.ts","statementMap":{"0":{"start":{"line":1,"column":0},"end":{"line":1,"column":66}},"1":{"start":{"line":3,"column":25},"end":{"line":3,"column":34}},"2":{"start":{"line":5,"column":0},"end":{"line":5,"column":24}},"3":{"start":{"line":7,"column":0},"end":{"line":9,"column":3}},"4":{"start":{"line":8,"column":2},"end":{"line":8,"column":44}},"5":{"start":{"line":12,"column":0},"end":{"line":12,"column":53}},"6":{"start":{"line":13,"column":0},"end":{"line":13,"column":37}},"7":{"start":{"line":15,"column":0},"end":{"line":15,"column":53}},"8":{"start":{"line":16,"column":0},"end":{"line":16,"column":37}},"9":{"start":{"line":18,"column":0},"end":{"line":18,"column":63}},"10":{"start":{"line":19,"column":0},"end":{"line":19,"column":47}},"11":{"start":{"line":26,"column":0},"end":{"line":26,"column":19}}},"fnMap":{"0":{"name":"(anonymous_1)","decl":{"start":{"line":7,"column":13},"end":{"line":7,"column":14}},"loc":{"start":{"line":7,"column":45},"end":{"line":9,"column":1}}}},"branchMap":{},"s":{"0":2,"1":2,"2":2,"3":2,"4":0,"5":2,"6":2,"7":2,"8":2,"9":2,"10":2,"11":2},"f":{"0":0},"b":{}}
,"/app/maqam-node-api/src/api/controllers/lyrionController.ts": {"path":"/app/maqam-node-api/src/api/controllers/lyrionController.ts","statementMap":{"0":{"start":{"line":2,"column":0},"end":{"line":2,"column":85}},"1":{"start":{"line":4,"column":41},"end":{"line":18,"column":1}},"2":{"start":{"line":5,"column":2},"end":{"line":17,"column":3}},"3":{"start":{"line":6,"column":19},"end":{"line":6,"column":42}},"4":{"start":{"line":7,"column":4},"end":{"line":10,"column":7}},"5":{"start":{"line":12,"column":4},"end":{"line":12,"column":64}},"6":{"start":{"line":13,"column":4},"end":{"line":16,"column":7}},"7":{"start":{"line":4,"column":13},"end":{"line":4,"column":41}},"8":{"start":{"line":20,"column":43},"end":{"line":44,"column":1}},"9":{"start":{"line":21,"column":2},"end":{"line":43,"column":3}},"10":{"start":{"line":22,"column":32},"end":{"line":22,"column":40}},"11":{"start":{"line":24,"column":4},"end":{"line":30,"column":5}},"12":{"start":{"line":25,"column":6},"end":{"line":28,"column":9}},"13":{"start":{"line":29,"column":6},"end":{"line":29,"column":13}},"14":{"start":{"line":32,"column":19},"end":{"line":32,"column":59}},"15":{"start":{"line":33,"column":4},"end":{"line":36,"column":7}},"16":{"start":{"line":38,"column":4},"end":{"line":38,"column":66}},"17":{"start":{"line":39,"column":4},"end":{"line":42,"column":7}},"18":{"start":{"line":20,"column":13},"end":{"line":20,"column":43}}},"fnMap":{"0":{"name":"(anonymous_0)","decl":{"start":{"line":4,"column":41},"end":{"line":4,"column":46}},"loc":{"start":{"line":4,"column":94},"end":{"line":18,"column":1}}},"1":{"name":"(anonymous_1)","decl":{"start":{"line":20,"column":43},"end":{"line":20,"column":48}},"loc":{"start":{"line":20,"column":96},"end":{"line":44,"column":1}}}},"branchMap":{"0":{"loc":{"start":{"line":24,"column":4},"end":{"line":30,"column":5}},"type":"if","locations":[{"start":{"line":24,"column":4},"end":{"line":30,"column":5}}]},"1":{"loc":{"start":{"line":24,"column":8},"end":{"line":24,"column":47}},"type":"binary-expr","locations":[{"start":{"line":24,"column":8},"end":{"line":24,"column":16}},{"start":{"line":24,"column":20},"end":{"line":24,"column":47}}]}},"s":{"0":2,"1":2,"2":0,"3":0,"4":0,"5":0,"6":0,"7":2,"8":2,"9":0,"10":0,"11":0,"12":0,"13":0,"14":0,"15":0,"16":0,"17":0,"18":2},"f":{"0":0,"1":0},"b":{"0":[0],"1":[0,0]}}
,"/app/maqam-node-api/src/api/controllers/squeezeliteController.ts": {"path":"/app/maqam-node-api/src/api/controllers/squeezeliteController.ts","statementMap":{"0":{"start":{"line":2,"column":0},"end":{"line":2,"column":100}},"1":{"start":{"line":4,"column":46},"end":{"line":18,"column":1}},"2":{"start":{"line":5,"column":2},"end":{"line":17,"column":3}},"3":{"start":{"line":6,"column":19},"end":{"line":6,"column":47}},"4":{"start":{"line":7,"column":4},"end":{"line":10,"column":7}},"5":{"start":{"line":12,"column":4},"end":{"line":12,"column":69}},"6":{"start":{"line":13,"column":4},"end":{"line":16,"column":7}},"7":{"start":{"line":4,"column":13},"end":{"line":4,"column":46}},"8":{"start":{"line":20,"column":48},"end":{"line":44,"column":1}},"9":{"start":{"line":21,"column":2},"end":{"line":43,"column":3}},"10":{"start":{"line":22,"column":32},"end":{"line":22,"column":40}},"11":{"start":{"line":24,"column":4},"end":{"line":30,"column":5}},"12":{"start":{"line":25,"column":6},"end":{"line":28,"column":9}},"13":{"start":{"line":29,"column":6},"end":{"line":29,"column":13}},"14":{"start":{"line":32,"column":19},"end":{"line":32,"column":64}},"15":{"start":{"line":33,"column":4},"end":{"line":36,"column":7}},"16":{"start":{"line":38,"column":4},"end":{"line":38,"column":71}},"17":{"start":{"line":39,"column":4},"end":{"line":42,"column":7}},"18":{"start":{"line":20,"column":13},"end":{"line":20,"column":48}}},"fnMap":{"0":{"name":"(anonymous_0)","decl":{"start":{"line":4,"column":46},"end":{"line":4,"column":51}},"loc":{"start":{"line":4,"column":99},"end":{"line":18,"column":1}}},"1":{"name":"(anonymous_1)","decl":{"start":{"line":20,"column":48},"end":{"line":20,"column":53}},"loc":{"start":{"line":20,"column":101},"end":{"line":44,"column":1}}}},"branchMap":{"0":{"loc":{"start":{"line":24,"column":4},"end":{"line":30,"column":5}},"type":"if","locations":[{"start":{"line":24,"column":4},"end":{"line":30,"column":5}}]},"1":{"loc":{"start":{"line":24,"column":8},"end":{"line":24,"column":47}},"type":"binary-expr","locations":[{"start":{"line":24,"column":8},"end":{"line":24,"column":16}},{"start":{"line":24,"column":20},"end":{"line":24,"column":47}}]}},"s":{"0":2,"1":2,"2":0,"3":0,"4":0,"5":0,"6":0,"7":2,"8":2,"9":0,"10":0,"11":0,"12":0,"13":0,"14":0,"15":0,"16":0,"17":0,"18":2},"f":{"0":0,"1":0},"b":{"0":[0],"1":[0,0]}}
,"/app/maqam-node-api/src/api/controllers/systemController.ts": {"path":"/app/maqam-node-api/src/api/controllers/systemController.ts","statementMap":{"0":{"start":{"line":2,"column":0},"end":{"line":2,"column":106}},"1":{"start":{"line":3,"column":0},"end":{"line":3,"column":62}},"2":{"start":{"line":6,"column":39},"end":{"line":25,"column":1}},"3":{"start":{"line":7,"column":2},"end":{"line":24,"column":3}},"4":{"start":{"line":8,"column":23},"end":{"line":13,"column":6}},"5":{"start":{"line":14,"column":4},"end":{"line":17,"column":7}},"6":{"start":{"line":19,"column":4},"end":{"line":19,"column":62}},"7":{"start":{"line":20,"column":4},"end":{"line":23,"column":7}},"8":{"start":{"line":6,"column":13},"end":{"line":6,"column":39}},"9":{"start":{"line":27,"column":40},"end":{"line":41,"column":1}},"10":{"start":{"line":28,"column":2},"end":{"line":40,"column":3}},"11":{"start":{"line":29,"column":24},"end":{"line":29,"column":47}},"12":{"start":{"line":30,"column":4},"end":{"line":33,"column":7}},"13":{"start":{"line":35,"column":4},"end":{"line":35,"column":63}},"14":{"start":{"line":36,"column":4},"end":{"line":39,"column":7}},"15":{"start":{"line":27,"column":13},"end":{"line":27,"column":40}},"16":{"start":{"line":43,"column":43},"end":{"line":80,"column":1}},"17":{"start":{"line":44,"column":2},"end":{"line":79,"column":3}},"18":{"start":{"line":45,"column":27},"end":{"line":45,"column":63}},"19":{"start":{"line":48,"column":4},"end":{"line":54,"column":5}},"20":{"start":{"line":49,"column":6},"end":{"line":52,"column":9}},"21":{"start":{"line":53,"column":6},"end":{"line":53,"column":13}},"22":{"start":{"line":57,"column":20},"end":{"line":57,"column":76}},"23":{"start":{"line":59,"column":4},"end":{"line":72,"column":5}},"24":{"start":{"line":60,"column":33},"end":{"line":60,"column":56}},"25":{"start":{"line":61,"column":6},"end":{"line":65,"column":9}},"26":{"start":{"line":68,"column":6},"end":{"line":71,"column":9}},"27":{"start":{"line":74,"column":4},"end":{"line":74,"column":66}},"28":{"start":{"line":75,"column":4},"end":{"line":78,"column":7}},"29":{"start":{"line":43,"column":13},"end":{"line":43,"column":43}}},"fnMap":{"0":{"name":"(anonymous_0)","decl":{"start":{"line":6,"column":39},"end":{"line":6,"column":40}},"loc":{"start":{"line":6,"column":77},"end":{"line":25,"column":1}}},"1":{"name":"(anonymous_1)","decl":{"start":{"line":27,"column":40},"end":{"line":27,"column":45}},"loc":{"start":{"line":27,"column":93},"end":{"line":41,"column":1}}},"2":{"name":"(anonymous_2)","decl":{"start":{"line":43,"column":43},"end":{"line":43,"column":48}},"loc":{"start":{"line":43,"column":96},"end":{"line":80,"column":1}}}},"branchMap":{"0":{"loc":{"start":{"line":48,"column":4},"end":{"line":54,"column":5}},"type":"if","locations":[{"start":{"line":48,"column":4},"end":{"line":54,"column":5}}]},"1":{"loc":{"start":{"line":48,"column":8},"end":{"line":48,"column":113}},"type":"binary-expr","locations":[{"start":{"line":48,"column":8},"end":{"line":48,"column":42}},{"start":{"line":48,"column":46},"end":{"line":48,"column":69}},{"start":{"line":48,"column":73},"end":{"line":48,"column":113}}]},"2":{"loc":{"start":{"line":59,"column":4},"end":{"line":72,"column":5}},"type":"if","locations":[{"start":{"line":59,"column":4},"end":{"line":72,"column":5}},{"start":{"line":66,"column":11},"end":{"line":72,"column":5}}]}},"s":{"0":2,"1":2,"2":2,"3":2,"4":2,"5":2,"6":0,"7":0,"8":2,"9":2,"10":2,"11":2,"12":2,"13":0,"14":0,"15":2,"16":2,"17":5,"18":5,"19":5,"20":2,"21":2,"22":3,"23":3,"24":2,"25":2,"26":1,"27":0,"28":0,"29":2},"f":{"0":2,"1":2,"2":5},"b":{"0":[2],"1":[5,4,4],"2":[2,1]}}
,"/app/maqam-node-api/src/api/middleware/authMiddleware.ts": {"path":"/app/maqam-node-api/src/api/middleware/authMiddleware.ts","statementMap":{"0":{"start":{"line":3,"column":26},"end":{"line":19,"column":1}},"1":{"start":{"line":4,"column":17},"end":{"line":4,"column":40}},"2":{"start":{"line":5,"column":25},"end":{"line":5,"column":69}},"3":{"start":{"line":7,"column":2},"end":{"line":9,"column":3}},"4":{"start":{"line":8,"column":4},"end":{"line":8,"column":93}},"5":{"start":{"line":11,"column":2},"end":{"line":18,"column":3}},"6":{"start":{"line":12,"column":4},"end":{"line":12,"column":11}},"7":{"start":{"line":14,"column":4},"end":{"line":17,"column":7}},"8":{"start":{"line":3,"column":13},"end":{"line":3,"column":26}}},"fnMap":{"0":{"name":"(anonymous_0)","decl":{"start":{"line":3,"column":26},"end":{"line":3,"column":27}},"loc":{"start":{"line":3,"column":78},"end":{"line":19,"column":1}}}},"branchMap":{"0":{"loc":{"start":{"line":5,"column":25},"end":{"line":5,"column":69}},"type":"binary-expr","locations":[{"start":{"line":5,"column":25},"end":{"line":5,"column":49}},{"start":{"line":5,"column":53},"end":{"line":5,"column":69}}]},"1":{"loc":{"start":{"line":7,"column":2},"end":{"line":9,"column":3}},"type":"if","locations":[{"start":{"line":7,"column":2},"end":{"line":9,"column":3}}]},"2":{"loc":{"start":{"line":11,"column":2},"end":{"line":18,"column":3}},"type":"if","locations":[{"start":{"line":11,"column":2},"end":{"line":18,"column":3}},{"start":{"line":13,"column":9},"end":{"line":18,"column":3}}]},"3":{"loc":{"start":{"line":11,"column":6},"end":{"line":11,"column":41}},"type":"binary-expr","locations":[{"start":{"line":11,"column":6},"end":{"line":11,"column":12}},{"start":{"line":11,"column":16},"end":{"line":11,"column":41}}]}},"s":{"0":3,"1":17,"2":17,"3":17,"4":3,"5":17,"6":10,"7":7,"8":3},"f":{"0":17},"b":{"0":[17,3],"1":[3],"2":[10,7],"3":[17,14]}}
,"/app/maqam-node-api/src/api/routes/lyrionRoutes.ts": {"path":"/app/maqam-node-api/src/api/routes/lyrionRoutes.ts","statementMap":{"0":{"start":{"line":1,"column":0},"end":{"line":1,"column":33}},"1":{"start":{"line":2,"column":0},"end":{"line":2,"column":105}},"2":{"start":{"line":3,"column":0},"end":{"line":3,"column":58}},"3":{"start":{"line":5,"column":15},"end":{"line":5,"column":23}},"4":{"start":{"line":7,"column":0},"end":{"line":7,"column":61}},"5":{"start":{"line":8,"column":0},"end":{"line":8,"column":65}},"6":{"start":{"line":10,"column":0},"end":{"line":10,"column":22}}},"fnMap":{},"branchMap":{},"s":{"0":2,"1":2,"2":2,"3":2,"4":2,"5":2,"6":2},"f":{},"b":{}}
,"/app/maqam-node-api/src/api/routes/squeezeliteRoutes.ts": {"path":"/app/maqam-node-api/src/api/routes/squeezeliteRoutes.ts","statementMap":{"0":{"start":{"line":1,"column":0},"end":{"line":1,"column":33}},"1":{"start":{"line":2,"column":0},"end":{"line":2,"column":120}},"2":{"start":{"line":3,"column":0},"end":{"line":3,"column":58}},"3":{"start":{"line":5,"column":15},"end":{"line":5,"column":23}},"4":{"start":{"line":7,"column":0},"end":{"line":7,"column":66}},"5":{"start":{"line":8,"column":0},"end":{"line":8,"column":70}},"6":{"start":{"line":10,"column":0},"end":{"line":10,"column":22}}},"fnMap":{},"branchMap":{},"s":{"0":2,"1":2,"2":2,"3":2,"4":2,"5":2,"6":2},"f":{},"b":{}}
,"/app/maqam-node-api/src/api/routes/systemRoutes.ts": {"path":"/app/maqam-node-api/src/api/routes/systemRoutes.ts","statementMap":{"0":{"start":{"line":1,"column":0},"end":{"line":1,"column":33}},"1":{"start":{"line":2,"column":0},"end":{"line":2,"column":129}},"2":{"start":{"line":3,"column":0},"end":{"line":3,"column":58}},"3":{"start":{"line":5,"column":15},"end":{"line":5,"column":23}},"4":{"start":{"line":7,"column":0},"end":{"line":7,"column":45}},"5":{"start":{"line":8,"column":0},"end":{"line":8,"column":65}},"6":{"start":{"line":9,"column":0},"end":{"line":9,"column":69}},"7":{"start":{"line":11,"column":0},"end":{"line":11,"column":22}}},"fnMap":{},"branchMap":{},"s":{"0":2,"1":2,"2":2,"3":2,"4":2,"5":2,"6":2,"7":2},"f":{},"b":{}}
,"/app/maqam-node-api/src/services/lyrionApiService.ts": {"path":"/app/maqam-node-api/src/services/lyrionApiService.ts","statementMap":{"0":{"start":{"line":12,"column":33},"end":{"line":20,"column":2}},"1":{"start":{"line":22,"column":31},"end":{"line":32,"column":1}},"2":{"start":{"line":23,"column":2},"end":{"line":31,"column":5}},"3":{"start":{"line":24,"column":4},"end":{"line":30,"column":11}},"4":{"start":{"line":27,"column":32},"end":{"line":27,"column":90}},"5":{"start":{"line":28,"column":6},"end":{"line":28,"column":87}},"6":{"start":{"line":29,"column":6},"end":{"line":29,"column":33}},"7":{"start":{"line":22,"column":13},"end":{"line":22,"column":31}},"8":{"start":{"line":34,"column":33},"end":{"line":74,"column":1}},"9":{"start":{"line":35,"column":2},"end":{"line":73,"column":5}},"10":{"start":{"line":36,"column":4},"end":{"line":72,"column":11}},"11":{"start":{"line":37,"column":6},"end":{"line":37,"column":107}},"12":{"start":{"line":38,"column":28},"end":{"line":38,"column":75}},"13":{"start":{"line":41,"column":6},"end":{"line":63,"column":7}},"14":{"start":{"line":42,"column":8},"end":{"line":42,"column":38}},"15":{"start":{"line":43,"column":8},"end":{"line":43,"column":58}},"16":{"start":{"line":44,"column":13},"end":{"line":63,"column":7}},"17":{"start":{"line":45,"column":8},"end":{"line":45,"column":37}},"18":{"start":{"line":46,"column":8},"end":{"line":46,"column":57}},"19":{"start":{"line":47,"column":13},"end":{"line":63,"column":7}},"20":{"start":{"line":48,"column":8},"end":{"line":48,"column":38}},"21":{"start":{"line":49,"column":8},"end":{"line":49,"column":42}},"22":{"start":{"line":50,"column":8},"end":{"line":50,"column":58}},"23":{"start":{"line":51,"column":13},"end":{"line":63,"column":7}},"24":{"start":{"line":52,"column":8},"end":{"line":52,"column":69}},"25":{"start":{"line":53,"column":8},"end":{"line":53,"column":78}},"26":{"start":{"line":54,"column":13},"end":{"line":63,"column":7}},"27":{"start":{"line":55,"column":8},"end":{"line":55,"column":90}},"28":{"start":{"line":56,"column":9},"end":{"line":61,"column":11}},"29":{"start":{"line":62,"column":8},"end":{"line":62,"column":15}},"30":{"start":{"line":65,"column":6},"end":{"line":71,"column":9}},"31":{"start":{"line":34,"column":13},"end":{"line":34,"column":33}}},"fnMap":{"0":{"name":"(anonymous_0)","decl":{"start":{"line":22,"column":31},"end":{"line":22,"column":36}},"loc":{"start":{"line":22,"column":65},"end":{"line":32,"column":1}}},"1":{"name":"(anonymous_1)","decl":{"start":{"line":23,"column":21},"end":{"line":23,"column":22}},"loc":{"start":{"line":23,"column":33},"end":{"line":31,"column":3}}},"2":{"name":"(anonymous_2)","decl":{"start":{"line":24,"column":15},"end":{"line":24,"column":18}},"loc":{"start":{"line":24,"column":20},"end":{"line":30,"column":5}}},"3":{"name":"(anonymous_3)","decl":{"start":{"line":34,"column":33},"end":{"line":34,"column":38}},"loc":{"start":{"line":34,"column":87},"end":{"line":74,"column":1}}},"4":{"name":"(anonymous_4)","decl":{"start":{"line":35,"column":21},"end":{"line":35,"column":22}},"loc":{"start":{"line":35,"column":33},"end":{"line":73,"column":3}}},"5":{"name":"(anonymous_5)","decl":{"start":{"line":36,"column":15},"end":{"line":36,"column":18}},"loc":{"start":{"line":36,"column":20},"end":{"line":72,"column":5}}}},"branchMap":{"0":{"loc":{"start":{"line":41,"column":6},"end":{"line":63,"column":7}},"type":"if","locations":[{"start":{"line":41,"column":6},"end":{"line":63,"column":7}},{"start":{"line":44,"column":13},"end":{"line":63,"column":7}}]},"1":{"loc":{"start":{"line":44,"column":13},"end":{"line":63,"column":7}},"type":"if","locations":[{"start":{"line":44,"column":13},"end":{"line":63,"column":7}},{"start":{"line":47,"column":13},"end":{"line":63,"column":7}}]},"2":{"loc":{"start":{"line":47,"column":13},"end":{"line":63,"column":7}},"type":"if","locations":[{"start":{"line":47,"column":13},"end":{"line":63,"column":7}},{"start":{"line":51,"column":13},"end":{"line":63,"column":7}}]},"3":{"loc":{"start":{"line":51,"column":13},"end":{"line":63,"column":7}},"type":"if","locations":[{"start":{"line":51,"column":13},"end":{"line":63,"column":7}},{"start":{"line":54,"column":13},"end":{"line":63,"column":7}}]},"4":{"loc":{"start":{"line":51,"column":17},"end":{"line":51,"column":86}},"type":"binary-expr","locations":[{"start":{"line":51,"column":17},"end":{"line":51,"column":40}},{"start":{"line":51,"column":44},"end":{"line":51,"column":50}},{"start":{"line":51,"column":54},"end":{"line":51,"column":86}}]},"5":{"loc":{"start":{"line":54,"column":13},"end":{"line":63,"column":7}},"type":"if","locations":[{"start":{"line":54,"column":13},"end":{"line":63,"column":7}}]}},"s":{"0":2,"1":2,"2":0,"3":0,"4":0,"5":0,"6":0,"7":2,"8":2,"9":0,"10":0,"11":0,"12":0,"13":0,"14":0,"15":0,"16":0,"17":0,"18":0,"19":0,"20":0,"21":0,"22":0,"23":0,"24":0,"25":0,"26":0,"27":0,"28":0,"29":0,"30":0,"31":2},"f":{"0":0,"1":0,"2":0,"3":0,"4":0,"5":0},"b":{"0":[0,0],"1":[0,0],"2":[0,0],"3":[0,0],"4":[0,0,0],"5":[0]}}
,"/app/maqam-node-api/src/services/squeezeliteApiService.ts": {"path":"/app/maqam-node-api/src/services/squeezeliteApiService.ts","statementMap":{"0":{"start":{"line":8,"column":23},"end":{"line":8,"column":45}},"1":{"start":{"line":9,"column":24},"end":{"line":9,"column":40}},"2":{"start":{"line":10,"column":43},"end":{"line":14,"column":2}},"3":{"start":{"line":16,"column":36},"end":{"line":23,"column":1}},"4":{"start":{"line":17,"column":2},"end":{"line":22,"column":5}},"5":{"start":{"line":18,"column":4},"end":{"line":21,"column":11}},"6":{"start":{"line":19,"column":6},"end":{"line":19,"column":97}},"7":{"start":{"line":20,"column":6},"end":{"line":20,"column":40}},"8":{"start":{"line":16,"column":13},"end":{"line":16,"column":36}},"9":{"start":{"line":25,"column":38},"end":{"line":83,"column":1}},"10":{"start":{"line":26,"column":2},"end":{"line":82,"column":5}},"11":{"start":{"line":27,"column":4},"end":{"line":81,"column":11}},"12":{"start":{"line":28,"column":6},"end":{"line":28,"column":117}},"13":{"start":{"line":29,"column":28},"end":{"line":29,"column":80}},"14":{"start":{"line":30,"column":20},"end":{"line":30,"column":24}},"15":{"start":{"line":32,"column":6},"end":{"line":72,"column":7}},"16":{"start":{"line":34,"column":10},"end":{"line":42,"column":11}},"17":{"start":{"line":35,"column":12},"end":{"line":35,"column":48}},"18":{"start":{"line":36,"column":12},"end":{"line":36,"column":78}},"19":{"start":{"line":37,"column":12},"end":{"line":37,"column":53}},"20":{"start":{"line":38,"column":12},"end":{"line":38,"column":89}},"21":{"start":{"line":40,"column":12},"end":{"line":40,"column":28}},"22":{"start":{"line":41,"column":12},"end":{"line":41,"column":105}},"23":{"start":{"line":43,"column":10},"end":{"line":43,"column":16}},"24":{"start":{"line":45,"column":10},"end":{"line":45,"column":48}},"25":{"start":{"line":47,"column":10},"end":{"line":47,"column":63}},"26":{"start":{"line":48,"column":10},"end":{"line":48,"column":16}},"27":{"start":{"line":50,"column":10},"end":{"line":56,"column":11}},"28":{"start":{"line":51,"column":12},"end":{"line":51,"column":62}},"29":{"start":{"line":52,"column":12},"end":{"line":52,"column":105}},"30":{"start":{"line":54,"column":12},"end":{"line":54,"column":28}},"31":{"start":{"line":55,"column":12},"end":{"line":55,"column":109}},"32":{"start":{"line":57,"column":10},"end":{"line":57,"column":16}},"33":{"start":{"line":59,"column":13},"end":{"line":59,"column":49}},"34":{"start":{"line":60,"column":13},"end":{"line":60,"column":69}},"35":{"start":{"line":61,"column":13},"end":{"line":61,"column":19}},"36":{"start":{"line":63,"column":12},"end":{"line":63,"column":50}},"37":{"start":{"line":65,"column":12},"end":{"line":65,"column":68}},"38":{"start":{"line":66,"column":12},"end":{"line":66,"column":18}},"39":{"start":{"line":70,"column":10},"end":{"line":70,"column":113}},"40":{"start":{"line":71,"column":10},"end":{"line":71,"column":16}},"41":{"start":{"line":74,"column":6},"end":{"line":80,"column":9}},"42":{"start":{"line":25,"column":13},"end":{"line":25,"column":38}}},"fnMap":{"0":{"name":"(anonymous_0)","decl":{"start":{"line":16,"column":36},"end":{"line":16,"column":41}},"loc":{"start":{"line":16,"column":75},"end":{"line":23,"column":1}}},"1":{"name":"(anonymous_1)","decl":{"start":{"line":17,"column":21},"end":{"line":17,"column":22}},"loc":{"start":{"line":17,"column":33},"end":{"line":22,"column":3}}},"2":{"name":"(anonymous_2)","decl":{"start":{"line":18,"column":15},"end":{"line":18,"column":18}},"loc":{"start":{"line":18,"column":20},"end":{"line":21,"column":5}}},"3":{"name":"(anonymous_3)","decl":{"start":{"line":25,"column":38},"end":{"line":25,"column":43}},"loc":{"start":{"line":25,"column":92},"end":{"line":83,"column":1}}},"4":{"name":"(anonymous_4)","decl":{"start":{"line":26,"column":21},"end":{"line":26,"column":22}},"loc":{"start":{"line":26,"column":33},"end":{"line":82,"column":3}}},"5":{"name":"(anonymous_5)","decl":{"start":{"line":27,"column":15},"end":{"line":27,"column":18}},"loc":{"start":{"line":27,"column":20},"end":{"line":81,"column":5}}}},"branchMap":{"0":{"loc":{"start":{"line":32,"column":6},"end":{"line":72,"column":7}},"type":"switch","locations":[{"start":{"line":33,"column":8},"end":{"line":43,"column":16}},{"start":{"line":44,"column":8},"end":{"line":48,"column":16}},{"start":{"line":49,"column":8},"end":{"line":57,"column":16}},{"start":{"line":58,"column":8},"end":{"line":61,"column":19}},{"start":{"line":62,"column":8},"end":{"line":66,"column":18}},{"start":{"line":68,"column":8},"end":{"line":71,"column":16}}]},"1":{"loc":{"start":{"line":34,"column":10},"end":{"line":42,"column":11}},"type":"if","locations":[{"start":{"line":34,"column":10},"end":{"line":42,"column":11}},{"start":{"line":39,"column":17},"end":{"line":42,"column":11}}]},"2":{"loc":{"start":{"line":34,"column":14},"end":{"line":34,"column":44}},"type":"binary-expr","locations":[{"start":{"line":34,"column":14},"end":{"line":34,"column":20}},{"start":{"line":34,"column":24},"end":{"line":34,"column":44}}]},"3":{"loc":{"start":{"line":50,"column":10},"end":{"line":56,"column":11}},"type":"if","locations":[{"start":{"line":50,"column":10},"end":{"line":56,"column":11}},{"start":{"line":53,"column":17},"end":{"line":56,"column":11}}]},"4":{"loc":{"start":{"line":50,"column":14},"end":{"line":50,"column":99}},"type":"binary-expr","locations":[{"start":{"line":50,"column":14},"end":{"line":50,"column":20}},{"start":{"line":50,"column":24},"end":{"line":50,"column":35}},{"start":{"line":50,"column":39},"end":{"line":50,"column":70}},{"start":{"line":50,"column":74},"end":{"line":50,"column":99}}]}},"s":{"0":2,"1":2,"2":2,"3":2,"4":0,"5":0,"6":0,"7":0,"8":2,"9":2,"10":0,"11":0,"12":0,"13":0,"14":0,"15":0,"16":0,"17":0,"18":0,"19":0,"20":0,"21":0,"22":0,"23":0,"24":0,"25":0,"26":0,"27":0,"28":0,"29":0,"30":0,"31":0,"32":0,"33":0,"34":0,"35":0,"36":0,"37":0,"38":0,"39":0,"40":0,"41":0,"42":2},"f":{"0":0,"1":0,"2":0,"3":0,"4":0,"5":0},"b":{"0":[0,0,0,0,0,0],"1":[0,0],"2":[0,0],"3":[0,0],"4":[0,0,0,0]}}
,"/app/maqam-node-api/src/services/userPreferencesService.ts": {"path":"/app/maqam-node-api/src/services/userPreferencesService.ts","statementMap":{"0":{"start":{"line":1,"column":0},"end":{"line":1,"column":36}},"1":{"start":{"line":2,"column":0},"end":{"line":2,"column":24}},"2":{"start":{"line":10,"column":13},"end":{"line":13,"column":2}},"3":{"start":{"line":19,"column":30},"end":{"line":19,"column":87}},"4":{"start":{"line":22,"column":31},"end":{"line":40,"column":1}},"5":{"start":{"line":23,"column":2},"end":{"line":39,"column":3}},"6":{"start":{"line":24,"column":4},"end":{"line":24,"column":43}},"7":{"start":{"line":25,"column":17},"end":{"line":25,"column":66}},"8":{"start":{"line":26,"column":24},"end":{"line":26,"column":68}},"9":{"start":{"line":29,"column":30},"end":{"line":29,"column":72}},"10":{"start":{"line":30,"column":4},"end":{"line":30,"column":53}},"11":{"start":{"line":31,"column":4},"end":{"line":31,"column":29}},"12":{"start":{"line":33,"column":4},"end":{"line":37,"column":5}},"13":{"start":{"line":34,"column":6},"end":{"line":34,"column":81}},"14":{"start":{"line":36,"column":6},"end":{"line":36,"column":57}},"15":{"start":{"line":38,"column":4},"end":{"line":38,"column":38}},"16":{"start":{"line":22,"column":13},"end":{"line":22,"column":31}},"17":{"start":{"line":42,"column":31},"end":{"line":82,"column":1}},"18":{"start":{"line":43,"column":2},"end":{"line":81,"column":3}},"19":{"start":{"line":45,"column":22},"end":{"line":45,"column":83}},"20":{"start":{"line":46,"column":53},"end":{"line":46,"column":55}},"21":{"start":{"line":47,"column":23},"end":{"line":47,"column":28}},"22":{"start":{"line":49,"column":4},"end":{"line":58,"column":5}},"23":{"start":{"line":50,"column":6},"end":{"line":57,"column":7}},"24":{"start":{"line":51,"column":8},"end":{"line":51,"column":41}},"25":{"start":{"line":52,"column":8},"end":{"line":52,"column":28}},"26":{"start":{"line":53,"column":13},"end":{"line":57,"column":7}},"27":{"start":{"line":55,"column":8},"end":{"line":55,"column":86}},"28":{"start":{"line":56,"column":8},"end":{"line":56,"column":55}},"29":{"start":{"line":60,"column":4},"end":{"line":72,"column":5}},"30":{"start":{"line":61,"column":8},"end":{"line":61,"column":127}},"31":{"start":{"line":62,"column":8},"end":{"line":62,"column":96}},"32":{"start":{"line":63,"column":8},"end":{"line":63,"column":20}},"33":{"start":{"line":64,"column":11},"end":{"line":72,"column":5}},"34":{"start":{"line":65,"column":8},"end":{"line":65,"column":144}},"35":{"start":{"line":71,"column":8},"end":{"line":71,"column":21}},"36":{"start":{"line":75,"column":4},"end":{"line":75,"column":124}},"37":{"start":{"line":76,"column":4},"end":{"line":76,"column":52}},"38":{"start":{"line":77,"column":4},"end":{"line":77,"column":16}},"39":{"start":{"line":79,"column":4},"end":{"line":79,"column":54}},"40":{"start":{"line":80,"column":4},"end":{"line":80,"column":17}},"41":{"start":{"line":42,"column":13},"end":{"line":42,"column":31}}},"fnMap":{"0":{"name":"(anonymous_1)","decl":{"start":{"line":22,"column":31},"end":{"line":22,"column":36}},"loc":{"start":{"line":22,"column":68},"end":{"line":40,"column":1}}},"1":{"name":"(anonymous_2)","decl":{"start":{"line":42,"column":31},"end":{"line":42,"column":36}},"loc":{"start":{"line":42,"column":82},"end":{"line":82,"column":1}}}},"branchMap":{"0":{"loc":{"start":{"line":33,"column":4},"end":{"line":37,"column":5}},"type":"if","locations":[{"start":{"line":33,"column":4},"end":{"line":37,"column":5}},{"start":{"line":35,"column":11},"end":{"line":37,"column":5}}]},"1":{"loc":{"start":{"line":33,"column":8},"end":{"line":33,"column":76}},"type":"binary-expr","locations":[{"start":{"line":33,"column":8},"end":{"line":33,"column":30}},{"start":{"line":33,"column":34},"end":{"line":33,"column":49}},{"start":{"line":33,"column":53},"end":{"line":33,"column":76}}]},"2":{"loc":{"start":{"line":50,"column":6},"end":{"line":57,"column":7}},"type":"if","locations":[{"start":{"line":50,"column":6},"end":{"line":57,"column":7}},{"start":{"line":53,"column":13},"end":{"line":57,"column":7}}]},"3":{"loc":{"start":{"line":50,"column":10},"end":{"line":50,"column":79}},"type":"binary-expr","locations":[{"start":{"line":50,"column":10},"end":{"line":50,"column":22}},{"start":{"line":50,"column":26},"end":{"line":50,"column":79}}]},"4":{"loc":{"start":{"line":53,"column":13},"end":{"line":57,"column":7}},"type":"if","locations":[{"start":{"line":53,"column":13},"end":{"line":57,"column":7}}]},"5":{"loc":{"start":{"line":60,"column":4},"end":{"line":72,"column":5}},"type":"if","locations":[{"start":{"line":60,"column":4},"end":{"line":72,"column":5}},{"start":{"line":64,"column":11},"end":{"line":72,"column":5}}]},"6":{"loc":{"start":{"line":60,"column":8},"end":{"line":60,"column":54}},"type":"binary-expr","locations":[{"start":{"line":60,"column":8},"end":{"line":60,"column":21}},{"start":{"line":60,"column":25},"end":{"line":60,"column":54}}]},"7":{"loc":{"start":{"line":64,"column":11},"end":{"line":72,"column":5}},"type":"if","locations":[{"start":{"line":64,"column":11},"end":{"line":72,"column":5}}]},"8":{"loc":{"start":{"line":64,"column":15},"end":{"line":64,"column":63}},"type":"binary-expr","locations":[{"start":{"line":64,"column":15},"end":{"line":64,"column":28}},{"start":{"line":64,"column":32},"end":{"line":64,"column":63}}]},"9":{"loc":{"start":{"line":75,"column":61},"end":{"line":75,"column":112}},"type":"cond-expr","locations":[{"start":{"line":75,"column":76},"end":{"line":75,"column":90}},{"start":{"line":75,"column":93},"end":{"line":75,"column":112}}]}},"s":{"0":1,"1":1,"2":1,"3":1,"4":1,"5":0,"6":0,"7":0,"8":0,"9":0,"10":0,"11":0,"12":0,"13":0,"14":0,"15":0,"16":1,"17":1,"18":0,"19":0,"20":0,"21":0,"22":0,"23":0,"24":0,"25":0,"26":0,"27":0,"28":0,"29":0,"30":0,"31":0,"32":0,"33":0,"34":0,"35":0,"36":0,"37":0,"38":0,"39":0,"40":0,"41":1},"f":{"0":0,"1":0},"b":{"0":[0,0],"1":[0,0,0],"2":[0,0],"3":[0,0],"4":[0],"5":[0,0],"6":[0,0],"7":[0],"8":[0,0],"9":[0,0]}}
}
